<?xml version="1.0" encoding="UTF-8"?>
<!-- Generated by org.testng.reporters.JUnitReportReporter -->
<testsuite hostname="DESKTOP-MVJV7UO" failures="0" tests="2" name="banking.bankingApplicationtest" time="0.088" errors="0" timestamp="2024-10-14T14:24:31 IST" skipped="0">
  <testcase classname="banking.bankingApplicationtest" name="testApplicationStarts" time="0.084"/>
  <system-out/>
  <testcase classname="banking.bankingApplicationtest" name="testGreeting" time="0.004"/>
  <system-out/>
</testsuite> <!-- banking.bankingApplicationtest -->
